\BOOKMARK [1][-]{section.1}{\376\377\000G\000l\000o\000s\000s\000a\000r\000y}{}% 1
\BOOKMARK [1][-]{section.2}{\376\377\000R\000e\000g\000i\000s\000t\000e\000r\000\040\000f\000i\000e\000l\000d\000\040\000t\000y\000p\000e\000s}{}% 2
\BOOKMARK [1][-]{section.3}{\376\377\000I\000n\000t\000r\000o\000d\000u\000c\000t\000i\000o\000n}{}% 3
\BOOKMARK [1][-]{section.4}{\376\377\000P\000r\000o\000g\000r\000a\000m\000m\000e\000r\000'\000s\000\040\000m\000o\000d\000e\000l}{}% 4
\BOOKMARK [2][-]{subsection.4.1}{\376\377\000S\000u\000b\000r\000o\000u\000t\000i\000n\000e\000\040\000c\000a\000l\000l\000s}{section.4}% 5
\BOOKMARK [2][-]{subsection.4.2}{\376\377\000K\000B\000U\000S}{section.4}% 6
\BOOKMARK [2][-]{subsection.4.3}{\376\377\000R\000B\000U\000S}{section.4}% 7
\BOOKMARK [2][-]{subsection.4.4}{\376\377\000M\000o\000d\000u\000l\000a\000r\000\040\000a\000r\000i\000t\000h\000m\000e\000t\000i\000c\000s}{section.4}% 8
\BOOKMARK [2][-]{subsection.4.5}{\376\377\000S\000H\000A\0005\0001\0002}{section.4}% 9
\BOOKMARK [2][-]{subsection.4.6}{\376\377\000T\000M\000A\000C}{section.4}% 10
\BOOKMARK [2][-]{subsection.4.7}{\376\377\000G\000r\000o\000u\000p\000\040\000S\000c\000a\000l\000a\000r\000\040\000B\000l\000i\000n\000d\000i\000n\000g}{section.4}% 11
\BOOKMARK [2][-]{subsection.4.8}{\376\377\000S\000P\000E\000C\000T\000\040\000i\000n\000v\000o\000c\000a\000t\000i\000o\000n}{section.4}% 12
\BOOKMARK [2][-]{subsection.4.9}{\376\377\000I\000n\000v\000a\000l\000i\000d\000\040\000i\000n\000s\000t\000r\000u\000c\000t\000i\000o\000n\000s}{section.4}% 13
\BOOKMARK [2][-]{subsection.4.10}{\376\377\000S\000o\000f\000t\000\040\000R\000e\000s\000e\000t}{section.4}% 14
\BOOKMARK [2][-]{subsection.4.11}{\376\377\000I\000n\000t\000e\000r\000r\000u\000p\000t\000s}{section.4}% 15
\BOOKMARK [1][-]{section.5}{\376\377\000S\000P\000E\000C\000T\000\040\000M\000e\000m\000o\000r\000y\000\040\000M\000a\000p}{}% 16
\BOOKMARK [2][-]{subsection.5.1}{\376\377\000C\000o\000n\000f\000i\000g\000u\000r\000a\000t\000i\000o\000n\000\040\000r\000e\000g\000i\000s\000t\000e\000r\000s}{section.5}% 17
\BOOKMARK [2][-]{subsection.5.2}{\376\377\000D\000a\000t\000a\000\040\000R\000A\000M\000\040\000I\000N}{section.5}% 18
\BOOKMARK [2][-]{subsection.5.3}{\376\377\000D\000a\000t\000a\000\040\000R\000A\000M\000\040\000O\000U\000T}{section.5}% 19
\BOOKMARK [2][-]{subsection.5.4}{\376\377\000I\000n\000s\000t\000r\000u\000c\000t\000i\000o\000n\000\040\000M\000e\000m\000o\000r\000y}{section.5}% 20
\BOOKMARK [2][-]{subsection.5.5}{\376\377\000C\000o\000n\000s\000t\000a\000n\000t\000\040\000R\000O\000M}{section.5}% 21
\BOOKMARK [2][-]{subsection.5.6}{\376\377\000E\000x\000t\000e\000r\000n\000a\000l\000\040\000M\000e\000m\000o\000r\000y}{section.5}% 22
\BOOKMARK [1][-]{section.6}{\376\377\000S\000P\000E\000C\000T\000\040\000A\000s\000s\000e\000m\000b\000l\000e\000r}{}% 23
\BOOKMARK [2][-]{subsection.6.1}{\376\377\000T\000o\000o\000l\000\040\000r\000e\000q\000u\000i\000r\000e\000m\000e\000n\000t\000s}{section.6}% 24
\BOOKMARK [2][-]{subsection.6.2}{\376\377\000F\000u\000n\000c\000t\000i\000o\000n\000\040\000l\000a\000b\000e\000l\000s}{section.6}% 25
\BOOKMARK [2][-]{subsection.6.3}{\376\377\000C\000o\000n\000s\000t\000a\000n\000t\000\040\000d\000e\000f\000i\000n\000i\000t\000i\000o\000n\000s}{section.6}% 26
\BOOKMARK [2][-]{subsection.6.4}{\376\377\000I\000n\000c\000l\000u\000d\000e\000\040\000o\000t\000h\000e\000r\000\040\000a\000s\000s\000e\000m\000b\000l\000y\000\040\000f\000i\000l\000e}{section.6}% 27
\BOOKMARK [2][-]{subsection.6.5}{\376\377\000C\000o\000n\000d\000i\000t\000i\000o\000n\000a\000l\000\040\000c\000o\000m\000p\000i\000l\000a\000t\000i\000o\000n}{section.6}% 28
\BOOKMARK [1][-]{section.7}{\376\377\000S\000W\000\040\000T\000o\000o\000l\000c\000h\000a\000i\000n}{}% 29
\BOOKMARK [1][-]{section.8}{\376\377\000O\000p\000e\000n\000\040\000I\000s\000s\000u\000e\000s}{}% 30
